<?xml version="1.0" encoding="UTF-8"?>
<!-- Generated by org.testng.reporters.JUnitReportReporter -->
<testsuite skipped="0" hostname="LAPTOP-NLPBMCE3" name="test.AddCustomerTest" tests="1" failures="0" timestamp="2021-08-06T18:51:08 CDT" time="8.021" errors="0">
  <testcase name="ValidUserShouldAbleToAddCustomer" time="8.021" classname="test.AddCustomerTest"/>
  <system-out/>
</testsuite> <!-- test.AddCustomerTest -->
