<?xml version="1.0" encoding="UTF-8"?>
<!-- Generated by org.testng.reporters.JUnitReportReporter -->
<testsuite skipped="0" hostname="LAPTOP-NLPBMCE3" name="test.BrowserFactory" tests="1" failures="0" timestamp="2021-08-01T16:41:21 CDT" time="3.816" errors="0">
  <testcase name="init" time="3.816" classname="test.BrowserFactory"/>
  <system-out/>
</testsuite> <!-- test.BrowserFactory -->
