<?xml version="1.0" encoding="UTF-8"?>
<!-- Generated by org.testng.reporters.JUnitReportReporter -->
<testsuite skipped="0" hostname="LAPTOP-NLPBMCE3" name="test.LoginTest" tests="1" failures="0" timestamp="2021-08-06T16:15:19 CDT" time="4.782" errors="0">
  <testcase name="logintest" time="4.782" classname="test.LoginTest"/>
  <system-out/>
</testsuite> <!-- test.LoginTest -->
